[2025-10-07 20:00:57] Functions class initialized
[2025-10-07 20:02:47] Functions class initialized
[2025-10-07 20:03:51] Functions class initialized
[2025-10-07 20:04:49] Functions class initialized
[2025-10-07 20:05:21] Functions class initialized
[2025-10-07 20:05:23] Functions class initialized
[2025-10-07 20:06:38] Functions class initialized
[2025-10-07 20:08:21] Functions class initialized
[2025-10-07 20:09:35] Functions class initialized
[2025-10-07 20:20:33] Functions class initialized
[2025-10-07 20:20:33] registrarHistorial llamado - ticket_id: , usuario_id: 380, item_id: , accion: crear_candidato, admin_id: 
[2025-10-07 20:23:41] Functions class initialized
[2025-10-07 20:24:54] Functions class initialized
[2025-10-07 20:25:12] Functions class initialized
[2025-10-07 20:25:12] Functions class initialized
[2025-10-07 20:25:20] Functions class initialized
[2025-10-07 21:45:17] Functions class initialized
[2025-10-07 21:45:17] registrarHistorial llamado - ticket_id: , usuario_id: 381, item_id: , accion: crear_candidato, admin_id: 
[2025-10-07 21:45:17] === ENVÍO DE CORREOS FORMULARIO CANDIDATO INICIADO ===
[2025-10-07 21:45:18] Correo enviado exitosamente a: elbahosempresarial@gmail.com
[2025-10-07 21:45:18] Correo enviado exitosamente a: johan.bahos@azc.com.co
[2025-10-07 21:45:18] Correo enviado exitosamente a: inventariotest@azc.com.co
[2025-10-07 21:45:30] Functions class initialized
[2025-10-07 22:20:23] Functions class initialized
[2025-10-07 22:20:52] Functions class initialized
[2025-10-07 22:21:17] Functions class initialized
[2025-10-07 22:22:10] Functions class initialized
[2025-10-07 22:23:03] Functions class initialized
[2025-10-07 22:23:23] Functions class initialized
[2025-10-07 22:23:39] Functions class initialized
[2025-10-07 22:24:32] Functions class initialized
[2025-10-07 22:24:57] Functions class initialized
[2025-10-07 22:26:38] Functions class initialized
[2025-10-07 22:27:32] Functions class initialized
[2025-10-07 22:27:35] Functions class initialized
[2025-10-07 22:28:59] Functions class initialized
[2025-10-07 22:29:05] Functions class initialized
[2025-10-07 22:34:35] Functions class initialized
[2025-10-07 22:36:24] Functions class initialized
[2025-10-07 22:37:12] Functions class initialized
[2025-10-07 22:37:12] registrarHistorial llamado - ticket_id: , usuario_id: 382, item_id: , accion: crear_candidato, admin_id: 
[2025-10-07 22:37:12] === ENVÍO DE CORREOS FORMULARIO CANDIDATO INICIADO ===
[2025-10-07 22:37:13] Correo enviado exitosamente a: elbahosempresarial@gmail.com
[2025-10-07 22:37:13] Correo enviado exitosamente a: johan.bahos@azc.com.co
[2025-10-07 22:37:13] Correo enviado exitosamente a: inventariotest@azc.com.co
[2025-10-07 22:37:13] Functions class initialized
[2025-10-07 22:38:01] Functions class initialized
[2025-10-07 22:40:08] Functions class initialized
[2025-10-07 22:40:38] Functions class initialized
[2025-10-07 22:49:41] Functions class initialized
[2025-10-07 22:49:42] registrarHistorial llamado - ticket_id: , usuario_id: 383, item_id: , accion: crear_candidato, admin_id: 
[2025-10-07 22:49:42] === ENVÍO DE CORREOS FORMULARIO CANDIDATO INICIADO ===
[2025-10-07 22:49:42] Correo enviado exitosamente a: elbahosempresarial@gmail.com
[2025-10-07 22:49:43] Correo enviado exitosamente a: johan.bahos@azc.com.co
[2025-10-07 22:49:43] Correo enviado exitosamente a: inventariotest@azc.com.co
[2025-10-07 22:49:43] Functions class initialized
[2025-10-07 22:53:27] Functions class initialized
[2025-10-07 23:07:36] Functions class initialized
[2025-10-07 23:07:37] registrarHistorial llamado - ticket_id: , usuario_id: 384, item_id: , accion: crear_candidato, admin_id: 
[2025-10-07 23:07:37] === ENVÍO DE CORREOS FORMULARIO CANDIDATO INICIADO ===
[2025-10-07 23:07:37] Correo enviado exitosamente a: elbahosempresarial@gmail.com
[2025-10-07 23:07:38] Correo enviado exitosamente a: johan.bahos@azc.com.co
[2025-10-07 23:07:38] Correo enviado exitosamente a: inventariotest@azc.com.co
[2025-10-07 23:07:38] Functions class initialized
[2025-10-07 23:09:06] Functions class initialized
[2025-10-07 23:09:31] Functions class initialized
[2025-10-07 23:09:52] Functions class initialized
[2025-10-07 23:09:53] Functions class initialized
[2025-10-07 23:10:24] Functions class initialized
[2025-10-07 23:11:22] Functions class initialized
[2025-10-07 23:11:35] Functions class initialized
[2025-10-07 23:12:26] Functions class initialized
[2025-10-07 23:12:33] Functions class initialized
[2025-10-07 23:12:40] Functions class initialized
[2025-10-07 23:16:19] Functions class initialized
[2025-10-07 23:20:01] Functions class initialized
[2025-10-07 23:20:52] Functions class initialized
[2025-10-07 23:21:06] Functions class initialized
[2025-10-07 23:22:52] Functions class initialized
[2025-10-07 23:22:59] Functions class initialized
[2025-10-07 23:23:29] Functions class initialized
[2025-10-07 23:23:39] Functions class initialized
[2025-10-07 23:24:15] Functions class initialized
[2025-10-07 23:24:38] Functions class initialized
[2025-10-07 23:25:43] Functions class initialized
[2025-10-07 23:33:24] Functions class initialized
[2025-10-07 23:34:06] Functions class initialized
[2025-10-07 23:34:32] Functions class initialized
[2025-10-07 23:35:57] Functions class initialized
[2025-10-07 23:35:57] registrarHistorial llamado - ticket_id: , usuario_id: 385, item_id: , accion: crear_candidato, admin_id: 
[2025-10-07 23:35:57] === ENVÍO DE CORREOS FORMULARIO CANDIDATO INICIADO ===
[2025-10-07 23:35:58] Correo enviado exitosamente a: elbahosempresarial@gmail.com
[2025-10-07 23:35:58] Correo enviado exitosamente a: johan.bahos@azc.com.co
[2025-10-07 23:35:58] Correo enviado exitosamente a: inventariotest@azc.com.co
[2025-10-07 23:35:58] Functions class initialized
[2025-10-08 22:35:59] Functions class initialized
[2025-10-08 22:37:23] Functions class initialized
[2025-10-08 22:37:23] registrarHistorial llamado - ticket_id: , usuario_id: 386, item_id: , accion: crear_candidato, admin_id: 
[2025-10-08 22:37:23] === ENVÍO DE CORREOS FORMULARIO CANDIDATO INICIADO ===
[2025-10-08 22:37:24] Correo enviado exitosamente a: elbahosempresarial@gmail.com
[2025-10-08 22:37:24] === ENVÍO DE CORREO CON ADJUNTOS INICIADO ===
[2025-10-08 22:37:24] Archivo adjuntado: documento_identidad.pdf - Tamaño: 341313 bytes
[2025-10-08 22:37:25] Correo con adjuntos enviado exitosamente a: johan.bahos@azc.com.co
[2025-10-08 22:37:25] Correo enviado exitosamente a: inventariotest@azc.com.co
[2025-10-08 22:37:25] Functions class initialized
[2025-10-08 22:37:30] Functions class initialized
[2025-10-08 22:45:22] Functions class initialized
[2025-10-08 22:45:23] registrarHistorial llamado - ticket_id: , usuario_id: 387, item_id: , accion: crear_candidato, admin_id: 
[2025-10-08 22:45:23] === ENVÍO DE CORREOS FORMULARIO CANDIDATO INICIADO ===
[2025-10-08 22:45:23] Correo enviado exitosamente a: elbahosempresarial@gmail.com
[2025-10-08 22:45:23] === ENVÍO DE CORREO CON ADJUNTOS INICIADO ===
[2025-10-08 22:45:23] Archivos encontrados en tabla 'files': 1
[2025-10-08 22:45:23] Archivo 0: documento_identidad - 12082025_165851_Poliza.pdf
[2025-10-08 22:45:23] Tamaño contenido: 341313
[2025-10-08 22:45:23] Buscando archivos en sistema de archivos para candidato_id: 387
[2025-10-08 22:45:23] Directorio de candidatos no existe: /home/www/inventario.azc.com.co/includes/../../uploads/candidatos/
[2025-10-08 22:45:23] Total de archivos a adjuntar: 1
[2025-10-08 22:45:23] ✅ Archivo adjuntado: documento_identidad.pdf - Tamaño: 341313 bytes
[2025-10-08 22:45:23] Total de archivos adjuntados: 1
[2025-10-08 22:45:24] ✅ Correo con 1 adjuntos enviado exitosamente a: mitalentohumano@azc.com.co
[2025-10-08 22:45:24] Correo enviado exitosamente a: inventariotest@azc.com.co
[2025-10-08 22:45:24] Functions class initialized
[2025-10-08 22:46:38] Functions class initialized
[2025-10-08 22:46:43] Functions class initialized
[2025-10-08 22:48:38] Functions class initialized
[2025-10-08 22:48:38] registrarHistorial llamado - ticket_id: , usuario_id: 388, item_id: , accion: crear_candidato, admin_id: 
[2025-10-08 22:48:38] === ENVÍO DE CORREOS FORMULARIO CANDIDATO INICIADO ===
[2025-10-08 22:48:39] Correo enviado exitosamente a: elbahosempresarial@gmail.com
[2025-10-08 22:48:39] === ENVÍO DE CORREO CON ADJUNTOS INICIADO ===
[2025-10-08 22:48:39] Archivos encontrados en tabla 'files': 1
[2025-10-08 22:48:39] Archivo 0: documento_identidad - MECANISMO JOHAN BAHOS.pdf
[2025-10-08 22:48:39] Tamaño contenido: 149730
[2025-10-08 22:48:39] Buscando archivos en sistema de archivos para candidato_id: 388
[2025-10-08 22:48:39] Directorio de candidatos no existe: /home/www/inventario.azc.com.co/includes/../../uploads/candidatos/
[2025-10-08 22:48:39] Total de archivos a adjuntar: 1
[2025-10-08 22:48:39] ✅ Archivo adjuntado: documento_identidad.pdf - Tamaño: 149730 bytes
[2025-10-08 22:48:39] Total de archivos adjuntados: 1
[2025-10-08 22:48:39] ✅ Correo con 1 adjuntos enviado exitosamente a: johan.bahos@azc.com.co
[2025-10-08 22:48:40] Correo enviado exitosamente a: inventariotest@azc.com.co
[2025-10-08 22:48:40] Functions class initialized
[2025-10-08 23:07:29] Functions class initialized
[2025-10-08 23:08:22] Functions class initialized
[2025-10-08 23:08:23] registrarHistorial llamado - ticket_id: , usuario_id: 389, item_id: , accion: crear_candidato, admin_id: 
[2025-10-08 23:08:23] === ENVÍO DE CORREOS FORMULARIO CANDIDATO INICIADO ===
[2025-10-08 23:08:23] Correo enviado exitosamente a: elbahosempresarial@gmail.com
[2025-10-08 23:08:23] === ENVÍO DE CORREO CON ADJUNTOS COMPLETO INICIADO ===
[2025-10-08 23:08:23] Candidato ID: 389, Destinatario: johan.bahos@azc.com.co
[2025-10-08 23:08:23] ⚠️ No hay información de foto en datos del candidato
[2025-10-08 23:08:23] Archivos BLOB encontrados para candidato 389: 1
[2025-10-08 23:08:23] Archivos BLOB encontrados: 1
[2025-10-08 23:08:23] Procesando archivo BLOB: documento_identidad - MECANISMO JOHAN BAHOS.pdf
[2025-10-08 23:08:23] ✅ Archivo BLOB adjuntado: documento_identidad.pdf - Tamaño: 149730 bytes
[2025-10-08 23:08:23] Total archivos adjuntados: 1
[2025-10-08 23:08:24] ✅ Correo con adjuntos enviado exitosamente a: johan.bahos@azc.com.co
[2025-10-08 23:08:24] Correo enviado exitosamente a: inventariotest@azc.com.co
[2025-10-08 23:08:24] Functions class initialized
[2025-10-08 23:40:21] Functions class initialized
[2025-10-08 23:41:13] Functions class initialized
[2025-10-08 23:41:13] registrarHistorial llamado - ticket_id: , usuario_id: 390, item_id: , accion: crear_candidato, admin_id: 
[2025-10-08 23:41:13] === ENVÍO DE CORREOS FORMULARIO CANDIDATO INICIADO ===
[2025-10-08 23:41:13] Correo enviado exitosamente a: elbahosempresarial@gmail.com
[2025-10-08 23:41:14] Correo con adjuntos enviado exitosamente a: johan.bahos@azc.com.co
[2025-10-08 23:41:14] Correo enviado exitosamente a: inventariotest@azc.com.co
[2025-10-08 23:41:14] Functions class initialized
[2025-10-09 00:01:24] Functions class initialized
[2025-10-09 00:01:24] registrarHistorial llamado - ticket_id: , usuario_id: 391, item_id: , accion: crear_candidato, admin_id: 
[2025-10-09 00:01:24] === ENVÍO DE CORREOS FORMULARIO CANDIDATO INICIADO ===
[2025-10-09 00:01:25] Correo enviado exitosamente a: elbahosempresarial@gmail.com
[2025-10-09 00:01:26] Correo con adjuntos enviado exitosamente a: johan.bahos@azc.com.co
[2025-10-09 00:01:26] Correo enviado exitosamente a: inventariotest@azc.com.co
[2025-10-09 00:01:26] Functions class initialized
[2025-10-09 00:01:28] Functions class initialized
[2025-10-09 00:12:03] Functions class initialized
[2025-10-09 00:13:09] Functions class initialized
[2025-10-09 00:13:09] registrarHistorial llamado - ticket_id: , usuario_id: 392, item_id: , accion: crear_candidato, admin_id: 
[2025-10-09 00:13:09] === ENVÍO DE CORREOS FORMULARIO CANDIDATO INICIADO ===
[2025-10-09 00:13:10] Correo enviado exitosamente a: elbahosempresarial@gmail.com
[2025-10-09 00:13:10] Correo con adjuntos enviado exitosamente a: johan.bahos@azc.com.co
[2025-10-09 00:13:10] Correo enviado exitosamente a: inventariotest@azc.com.co
[2025-10-09 00:13:10] Functions class initialized
[2025-10-09 16:24:57] Functions class initialized
[2025-10-09 16:29:25] Functions class initialized
[2025-10-09 16:32:44] Functions class initialized
[2025-10-09 16:38:30] Functions class initialized
[2025-10-09 16:38:31] registrarHistorial llamado - ticket_id: , usuario_id: 393, item_id: , accion: crear_candidato, admin_id: 
[2025-10-09 16:38:31] === ENVÍO DE CORREOS FORMULARIO CANDIDATO INICIADO ===
[2025-10-09 16:38:31] Correo enviado exitosamente a: elbahosempresarial@gmail.com
[2025-10-09 16:38:32] Correo con adjuntos enviado exitosamente a: johan.bahos@azc.com.co
[2025-10-09 16:38:32] Correo enviado exitosamente a: inventariotest@azc.com.co
[2025-10-09 16:38:32] Functions class initialized
[2025-10-09 16:39:10] Functions class initialized
[2025-10-22 15:35:58] Functions class initialized
[2025-10-22 15:46:15] Functions class initialized
[2025-10-22 15:50:17] Functions class initialized
[2025-10-23 13:46:00] Functions class initialized
[2025-10-23 22:22:25] Functions class initialized
[2025-10-24 13:38:46] Functions class initialized
[2025-10-25 18:37:26] Functions class initialized
[2025-10-27 14:39:47] Functions class initialized
[2025-10-27 16:51:12] Functions class initialized
[2025-10-29 14:02:17] Functions class initialized
[2025-11-03 18:59:08] Functions class initialized
[2025-11-10 14:31:28] Functions class initialized
[2025-11-11 19:52:10] Functions class initialized
[2025-11-13 19:59:57] Functions class initialized
[2025-11-14 00:09:23] Functions class initialized
[2025-11-14 13:39:14] Functions class initialized
[2025-11-16 03:08:07] Functions class initialized
[2025-11-16 20:59:46] Functions class initialized
[2025-11-17 21:25:51] Functions class initialized
[2025-11-18 13:52:14] Functions class initialized
[2025-11-19 14:55:57] Functions class initialized
[2025-11-19 16:47:12] Functions class initialized
[2025-11-19 18:53:34] Functions class initialized
[2025-11-20 16:27:28] Functions class initialized
[2025-11-20 22:37:28] Functions class initialized
[2025-11-21 13:11:15] Functions class initialized
[2025-11-21 14:37:34] Functions class initialized
[2025-11-24 19:07:55] Functions class initialized
[2025-11-24 19:08:11] Functions class initialized
[2025-11-24 19:09:06] Functions class initialized
[2025-11-24 19:09:33] Functions class initialized
[2025-11-24 19:11:36] Functions class initialized
[2025-11-24 19:11:37] registrarHistorial llamado - ticket_id: , usuario_id: 395, item_id: , accion: crear_candidato, admin_id: 
[2025-11-24 19:11:37] === ENVÍO DE CORREOS FORMULARIO CANDIDATO INICIADO ===
[2025-11-24 19:11:38] Correo enviado exitosamente a: elbahosempresarial@gmail.com
[2025-11-24 19:11:38] Correo con adjuntos enviado exitosamente a: mitalentohumano@azc.com.co
[2025-11-24 19:11:39] Correo enviado exitosamente a: inventariotest@azc.com.co
[2025-11-24 19:11:39] Functions class initialized
[2025-11-24 19:34:13] Functions class initialized
[2025-11-24 19:34:22] Functions class initialized
[2025-11-24 19:34:45] Functions class initialized
[2025-11-24 19:34:45] registrarHistorial llamado - ticket_id: , usuario_id: 396, item_id: , accion: crear_candidato, admin_id: 
[2025-11-24 19:34:45] === ENVÍO DE CORREOS FORMULARIO CANDIDATO INICIADO ===
[2025-11-24 19:34:47] Correo enviado exitosamente a: elbahosempresarial@gmail.com
[2025-11-24 19:34:47] Correo con adjuntos enviado exitosamente a: mitalentohumano@azc.com.co
[2025-11-24 19:34:48] Correo enviado exitosamente a: inventariotest@azc.com.co
[2025-11-24 19:34:48] Functions class initialized
[2025-11-24 19:35:25] Functions class initialized
[2025-11-24 19:42:00] Functions class initialized
[2025-11-24 19:42:01] registrarHistorial llamado - ticket_id: , usuario_id: 397, item_id: , accion: crear_candidato, admin_id: 
[2025-11-24 19:42:01] === ENVÍO DE CORREOS FORMULARIO CANDIDATO INICIADO ===
[2025-11-24 19:42:02] Correo enviado exitosamente a: elbahosempresarial@gmail.com
[2025-11-24 19:42:02] Correo con adjuntos enviado exitosamente a: mitalentohumano@azc.com.co
[2025-11-24 19:42:03] Correo enviado exitosamente a: inventariotest@azc.com.co
[2025-11-24 19:42:03] Functions class initialized
[2025-11-28 03:32:10] Functions class initialized
[2025-11-28 03:33:08] Functions class initialized
[2025-11-28 03:33:09] registrarHistorial llamado - ticket_id: , usuario_id: 398, item_id: , accion: crear_candidato, admin_id: 
[2025-11-28 03:33:09] === ENVÍO DE CORREOS FORMULARIO CANDIDATO INICIADO ===
[2025-11-28 03:33:09] Correo enviado exitosamente a: elbahosempresarial@gmail.com
[2025-11-28 03:33:09] Correo con adjuntos enviado exitosamente a: mitalentohumano@azc.com.co
[2025-11-28 03:33:10] Correo enviado exitosamente a: inventariotest@azc.com.co
[2025-11-28 03:33:10] Functions class initialized
[2026-01-04 19:56:10] Functions class initialized
[2026-01-04 19:57:53] Functions class initialized
[2026-01-04 19:57:53] Functions class initialized
[2026-01-04 19:58:03] Functions class initialized
[2026-01-04 19:58:03] Functions class initialized
[2026-01-04 19:58:09] Functions class initialized
[2026-01-04 19:58:40] Functions class initialized
[2026-01-05 16:30:16] Functions class initialized
[2026-01-05 16:41:57] Functions class initialized
[2026-01-20 16:33:04] Functions class initialized
[2026-01-20 16:40:24] Functions class initialized
[2026-01-20 16:40:24] registrarHistorial llamado - ticket_id: , usuario_id: 437, item_id: , accion: crear_candidato, admin_id: 
[2026-01-20 16:40:24] === ENVÍO DE CORREOS FORMULARIO CANDIDATO INICIADO ===
[2026-01-20 16:40:25] Correo enviado exitosamente a: jose.granados2912@icloud.com
[2026-01-20 16:40:25] Correo con adjuntos enviado exitosamente a: mitalentohumano@azc.com.co
[2026-01-20 16:40:25] Correo enviado exitosamente a: soporte@azclegal.com
[2026-01-20 16:40:26] Functions class initialized
[2026-01-20 17:48:54] Functions class initialized
