[2025-09-06 05:00:12] Functions class initialized
[2025-09-06 21:07:11] Functions class initialized
[2025-09-09 13:21:51] Functions class initialized
[2025-09-09 13:24:47] Functions class initialized
[2025-09-09 13:58:37] Functions class initialized
[2025-09-09 13:58:52] Functions class initialized
[2025-09-09 13:59:04] Functions class initialized
[2025-09-10 13:41:41] Functions class initialized
[2025-09-10 13:47:02] Functions class initialized
[2025-09-10 17:55:17] Functions class initialized
[2025-09-11 02:12:24] Functions class initialized
[2025-09-11 13:19:34] Functions class initialized
[2025-09-11 16:03:47] Functions class initialized
[2025-09-11 22:13:49] Functions class initialized
[2025-09-11 22:18:05] Functions class initialized
[2025-09-12 18:56:29] Functions class initialized
[2025-09-14 21:13:08] Functions class initialized
[2025-09-15 13:20:12] Functions class initialized
[2025-09-15 22:09:35] Functions class initialized
[2025-09-15 22:09:39] Functions class initialized
[2025-09-15 22:09:39] Functions class initialized
[2025-09-15 22:09:39] Functions class initialized
[2025-09-16 12:47:27] Functions class initialized
[2025-09-16 14:13:08] Functions class initialized
[2025-09-16 22:30:16] Functions class initialized
[2025-09-17 14:54:24] Functions class initialized
[2025-09-17 15:12:23] Functions class initialized
[2025-09-17 15:12:30] Functions class initialized
[2025-09-17 15:13:13] Functions class initialized
[2025-09-17 15:13:28] Functions class initialized
[2025-09-17 15:13:28] registrarHistorial llamado - ticket_id: 1, usuario_id: 1006307394, item_id: 15, accion: solicitud, admin_id: 
[2025-09-17 15:57:18] Functions class initialized
[2025-09-17 15:57:59] Functions class initialized
[2025-09-17 15:57:59] registrarHistorial llamado - ticket_id: 2, usuario_id: 1006307394, item_id: 15, accion: devolucion, admin_id: 
[2025-09-17 15:58:51] Functions class initialized
[2025-09-17 16:04:49] Functions class initialized
[2025-09-17 16:05:03] Functions class initialized
[2025-09-17 16:05:03] registrarHistorial llamado - ticket_id: 3, usuario_id: 1006307394, item_id: 15, accion: solicitud, admin_id: 
[2025-09-17 16:07:45] Functions class initialized
[2025-09-17 16:09:04] Functions class initialized
[2025-09-17 16:09:19] Functions class initialized
[2025-09-17 16:09:44] Functions class initialized
[2025-09-17 16:09:44] registrarHistorial llamado - ticket_id: 4, usuario_id: 1144200741, item_id: 15, accion: devolucion, admin_id: 
[2025-09-17 16:37:38] Functions class initialized
[2025-09-17 20:00:57] Functions class initialized
[2025-09-17 20:01:01] Functions class initialized
[2025-09-17 20:01:11] Functions class initialized
[2025-09-17 20:01:11] registrarHistorial llamado - ticket_id: 5, usuario_id: 1006307394, item_id: 15, accion: intercambio, admin_id: 
[2025-09-17 20:01:14] Functions class initialized
[2025-09-17 20:01:22] Functions class initialized
[2025-09-17 20:01:22] registrarHistorial llamado - ticket_id: 6, usuario_id: 1006307394, item_id: 15, accion: devolucion, admin_id: 
[2025-09-18 15:02:30] Functions class initialized
[2025-09-18 15:02:33] Functions class initialized
[2025-09-18 15:02:40] Functions class initialized
[2025-09-18 15:02:40] registrarHistorial llamado - ticket_id: 7, usuario_id: 1006307394, item_id: 15, accion: solicitud, admin_id: 
[2025-09-18 15:18:42] Functions class initialized
[2025-09-18 15:18:45] Functions class initialized
[2025-09-18 15:18:52] Functions class initialized
[2025-09-18 15:18:52] registrarHistorial llamado - ticket_id: 8, usuario_id: 1006307394, item_id: 15, accion: devolucion, admin_id: 
[2025-09-18 16:02:49] Functions class initialized
[2025-09-18 16:02:56] Functions class initialized
[2025-09-18 16:02:56] registrarHistorial llamado - ticket_id: 16, usuario_id: 1006307394, item_id: 15, accion: solicitud, admin_id: 
[2025-09-18 19:59:58] Functions class initialized
[2025-09-18 20:00:03] Functions class initialized
[2025-09-18 20:00:03] registrarHistorial llamado - ticket_id: 18, usuario_id: 1006307394, item_id: 15, accion: solicitud, admin_id: 
[2025-09-18 21:10:13] Functions class initialized
[2025-09-18 21:10:23] Functions class initialized
[2025-09-18 21:10:23] registrarHistorial llamado - ticket_id: 19, usuario_id: 1006307394, item_id: 15, accion: devolucion, admin_id: 
[2025-09-18 23:11:45] Functions class initialized
[2025-09-19 13:14:04] Functions class initialized
[2025-09-19 20:28:20] Functions class initialized
[2025-09-19 20:28:33] Functions class initialized
[2025-09-19 20:28:42] Functions class initialized
[2025-09-19 20:28:42] registrarHistorial llamado - ticket_id: 29, usuario_id: 1144099634, item_id: 15, accion: devolucion, admin_id: 
[2025-09-19 20:42:52] Functions class initialized
[2025-09-19 21:06:08] Functions class initialized
[2025-09-19 21:37:41] Functions class initialized
[2025-09-20 16:12:39] Functions class initialized
[2025-09-20 16:12:45] Functions class initialized
[2025-09-20 16:12:59] Functions class initialized
[2025-09-20 16:39:42] Functions class initialized
[2025-09-20 16:41:30] Functions class initialized
[2025-09-20 16:41:54] Functions class initialized
[2025-09-20 16:41:54] registrarHistorial llamado - ticket_id: 33, usuario_id: 1006307394, item_id: 16, accion: intercambio, admin_id: 
[2025-09-20 17:02:56] Functions class initialized
[2025-09-20 17:37:13] Functions class initialized
[2025-09-20 17:37:13] registrarHistorial llamado - ticket_id: 34, usuario_id: 1006307394, item_id: 16, accion: solicitud, admin_id: 
[2025-09-20 17:57:47] Functions class initialized
[2025-09-20 17:58:01] Functions class initialized
[2025-09-20 17:58:01] registrarHistorial llamado - ticket_id: 35, usuario_id: 1006307394, item_id: 16, accion: offboarding, admin_id: 
[2025-09-21 19:18:37] Functions class initialized
[2025-09-22 21:18:16] Functions class initialized
[2025-09-23 14:32:10] Functions class initialized
[2025-09-23 14:35:12] Functions class initialized
[2025-09-23 14:35:12] Functions class initialized
[2025-09-23 14:35:16] Functions class initialized
[2025-09-23 14:35:19] Functions class initialized
[2025-09-23 15:11:24] Functions class initialized
[2025-09-23 15:14:36] Functions class initialized
[2025-09-23 15:19:06] Functions class initialized
[2025-09-23 15:19:44] Functions class initialized
[2025-09-23 15:21:29] Functions class initialized
[2025-09-23 15:23:44] Functions class initialized
[2025-09-23 16:19:51] Functions class initialized
[2025-09-23 16:30:13] Functions class initialized
[2025-09-23 16:32:40] Functions class initialized
[2025-09-23 16:32:57] Functions class initialized
[2025-09-23 17:52:10] Functions class initialized
[2025-09-23 17:56:23] Functions class initialized
[2025-09-23 17:56:24] Functions class initialized
[2025-09-23 17:56:25] Functions class initialized
[2025-09-23 17:56:38] Functions class initialized
[2025-09-23 17:56:38] Functions class initialized
[2025-09-23 17:56:39] Functions class initialized
[2025-09-23 18:21:55] Functions class initialized
[2025-09-23 18:21:55] Functions class initialized
[2025-09-23 18:23:28] Functions class initialized
[2025-09-23 18:48:17] Functions class initialized
[2025-09-23 18:48:17] Functions class initialized
[2025-09-23 19:01:43] Functions class initialized
[2025-09-23 19:01:46] Functions class initialized
[2025-09-23 19:36:20] Functions class initialized
[2025-09-23 19:36:23] Functions class initialized
[2025-09-23 19:37:35] Functions class initialized
[2025-09-23 19:37:37] Functions class initialized
[2025-09-23 20:37:42] Functions class initialized
[2025-09-24 01:16:36] Functions class initialized
[2025-09-24 01:17:10] Functions class initialized
[2025-09-24 02:31:50] Functions class initialized
[2025-09-24 02:31:54] Functions class initialized
[2025-09-24 02:37:02] Functions class initialized
[2025-09-24 04:41:30] Functions class initialized
[2025-09-24 04:52:35] Functions class initialized
[2025-09-24 04:53:45] Functions class initialized
[2025-09-24 10:36:46] Functions class initialized
[2025-09-24 10:40:53] Functions class initialized
[2025-09-24 10:51:12] Functions class initialized
[2025-09-24 11:40:46] Functions class initialized
[2025-09-24 11:52:14] Functions class initialized
[2025-09-24 12:45:17] Functions class initialized
[2025-09-24 12:49:37] Functions class initialized
[2025-09-24 13:26:29] Functions class initialized
[2025-09-24 14:10:26] Functions class initialized
[2025-09-24 17:19:36] Functions class initialized
[2025-09-24 17:37:58] Functions class initialized
[2025-09-24 17:39:33] Functions class initialized
[2025-09-24 20:32:05] Functions class initialized
[2025-09-24 21:15:06] Functions class initialized
[2025-09-24 21:19:58] Functions class initialized
[2025-09-24 21:33:44] Functions class initialized
[2025-09-24 21:36:30] Functions class initialized
[2025-09-24 23:18:02] Functions class initialized
[2025-09-24 23:39:44] Functions class initialized
[2025-09-24 23:43:34] Functions class initialized
[2025-09-24 23:43:48] Functions class initialized
[2025-09-24 23:44:07] Functions class initialized
[2025-09-24 23:44:07] registrarHistorial llamado - ticket_id: 45, usuario_id: 1151963002, item_id: , accion: soporte, admin_id: 
[2025-09-25 00:26:29] Functions class initialized
[2025-09-25 01:16:53] Functions class initialized
[2025-09-25 06:21:45] Functions class initialized
[2025-09-25 06:21:55] Functions class initialized
[2025-09-25 11:31:19] Functions class initialized
[2025-09-25 15:06:59] Functions class initialized
[2025-09-25 15:22:58] Functions class initialized
[2025-09-25 15:23:00] Functions class initialized
[2025-09-25 15:23:53] Functions class initialized
[2025-09-25 15:23:54] Functions class initialized
[2025-09-25 15:23:56] Functions class initialized
[2025-09-25 15:31:14] Functions class initialized
[2025-09-25 15:31:14] Functions class initialized
[2025-09-25 15:31:16] Functions class initialized
[2025-09-25 15:36:11] Functions class initialized
[2025-09-25 15:36:12] Functions class initialized
[2025-09-25 15:36:16] Functions class initialized
[2025-09-25 15:36:17] Functions class initialized
[2025-09-25 15:36:19] Functions class initialized
[2025-09-25 15:36:21] Functions class initialized
[2025-09-25 15:38:10] Functions class initialized
[2025-09-25 15:38:11] Functions class initialized
[2025-09-25 15:38:15] Functions class initialized
[2025-09-25 15:38:36] Functions class initialized
[2025-09-25 15:38:37] Functions class initialized
[2025-09-25 15:38:39] Functions class initialized
[2025-09-25 15:38:42] Functions class initialized
[2025-09-25 15:38:43] Functions class initialized
[2025-09-25 15:38:45] Functions class initialized
[2025-09-25 15:38:50] Functions class initialized
[2025-09-25 15:38:55] Functions class initialized
[2025-09-25 15:39:15] Functions class initialized
[2025-09-25 15:39:20] Functions class initialized
[2025-09-25 15:39:23] Functions class initialized
[2025-09-25 15:39:36] Functions class initialized
[2025-09-25 15:39:36] registrarHistorial llamado - ticket_id: 48, usuario_id: 1006307394, item_id: 16, accion: solicitud, admin_id: 
[2025-09-25 15:44:45] Functions class initialized
[2025-09-25 15:44:45] registrarHistorial llamado - ticket_id: 49, usuario_id: 1006307394, item_id: 16, accion: solicitud, admin_id: 
[2025-09-25 15:49:33] Functions class initialized
[2025-09-25 15:49:36] Functions class initialized
[2025-09-25 15:49:38] Functions class initialized
[2025-09-25 15:49:51] Functions class initialized
[2025-09-25 15:50:03] Functions class initialized
[2025-09-25 15:50:03] registrarHistorial llamado - ticket_id: 50, usuario_id: 1006307394, item_id: , accion: soporte, admin_id: 
[2025-09-25 15:50:06] Functions class initialized
[2025-09-25 15:50:06] registrarHistorial llamado - ticket_id: 51, usuario_id: 1006307394, item_id: , accion: soporte, admin_id: 
[2025-09-25 15:50:59] Functions class initialized
[2025-09-25 15:51:01] Functions class initialized
[2025-09-25 15:51:08] Functions class initialized
[2025-09-25 15:51:08] registrarHistorial llamado - ticket_id: 52, usuario_id: 1006307394, item_id: , accion: soporte, admin_id: 
[2025-09-25 15:51:12] Functions class initialized
[2025-09-25 15:51:12] registrarHistorial llamado - ticket_id: 53, usuario_id: 1006307394, item_id: , accion: soporte, admin_id: 
[2025-09-25 17:14:05] Functions class initialized
[2025-09-25 17:14:07] Functions class initialized
[2025-09-25 17:14:14] Functions class initialized
[2025-09-25 17:14:14] registrarHistorial llamado - ticket_id: 55, usuario_id: 1006307394, item_id: , accion: soporte, admin_id: 
[2025-09-25 17:18:18] Functions class initialized
[2025-09-25 17:18:20] Functions class initialized
[2025-09-25 17:18:25] Functions class initialized
[2025-09-25 17:18:25] registrarHistorial llamado - ticket_id: 56, usuario_id: 1006307394, item_id: , accion: soporte, admin_id: 
[2025-09-25 17:34:17] Functions class initialized
[2025-09-25 17:34:19] Functions class initialized
[2025-09-25 17:34:24] Functions class initialized
[2025-09-25 17:34:24] registrarHistorial llamado - ticket_id: 57, usuario_id: 1006307394, item_id: , accion: soporte, admin_id: 
[2025-09-25 17:36:51] Functions class initialized
[2025-09-25 17:41:20] Functions class initialized
[2025-09-25 18:24:45] Functions class initialized
[2025-09-25 20:11:07] Functions class initialized
[2025-09-25 20:13:16] Functions class initialized
[2025-09-25 20:13:40] Functions class initialized
[2025-09-25 20:13:46] Functions class initialized
[2025-09-25 20:13:46] registrarHistorial llamado - ticket_id: 58, usuario_id: 1006307394, item_id: , accion: soporte, admin_id: 
[2025-09-25 20:18:20] Functions class initialized
[2025-09-25 20:41:22] Functions class initialized
[2025-09-25 20:45:16] Functions class initialized
[2025-09-25 20:45:16] Functions class initialized
[2025-09-25 20:51:16] Functions class initialized
[2025-09-25 20:52:27] Functions class initialized
[2025-09-25 20:52:41] Functions class initialized
[2025-09-25 20:53:19] Functions class initialized
[2025-09-25 20:53:19] registrarHistorial llamado - ticket_id: 59, usuario_id: 1006307394, item_id: , accion: soporte, admin_id: 
[2025-09-25 21:05:52] Functions class initialized
[2025-09-25 21:07:48] Functions class initialized
[2025-09-25 21:09:13] Functions class initialized
[2025-09-25 21:24:04] Functions class initialized
[2025-09-25 21:24:08] Functions class initialized
[2025-09-25 21:24:08] registrarHistorial llamado - ticket_id: 60, usuario_id: 1006307394, item_id: , accion: soporte, admin_id: 
[2025-09-25 21:24:12] Functions class initialized
[2025-09-25 21:24:12] registrarHistorial llamado - ticket_id: 61, usuario_id: 1006307394, item_id: , accion: soporte, admin_id: 
[2025-09-25 21:24:14] Functions class initialized
[2025-09-25 21:24:14] registrarHistorial llamado - ticket_id: 62, usuario_id: 1006307394, item_id: , accion: soporte, admin_id: 
[2025-09-25 21:24:16] Functions class initialized
[2025-09-25 21:24:16] registrarHistorial llamado - ticket_id: 63, usuario_id: 1006307394, item_id: , accion: soporte, admin_id: 
[2025-09-25 21:24:17] Functions class initialized
[2025-09-25 21:24:17] registrarHistorial llamado - ticket_id: 64, usuario_id: 1006307394, item_id: , accion: soporte, admin_id: 
[2025-09-25 21:34:45] Functions class initialized
[2025-09-25 22:30:44] Functions class initialized
[2025-09-25 22:51:20] Functions class initialized
[2025-09-26 02:02:06] Functions class initialized
[2025-09-26 02:02:06] Functions class initialized
[2025-09-26 21:12:09] Functions class initialized
[2025-09-26 21:12:10] Functions class initialized
[2025-09-26 21:12:23] Functions class initialized
[2025-09-26 23:42:31] Functions class initialized
[2025-09-26 23:42:43] Functions class initialized
[2025-09-26 23:43:56] Functions class initialized
[2025-09-26 23:44:08] Functions class initialized
[2025-09-27 06:53:43] Functions class initialized
[2025-09-27 06:53:45] Functions class initialized
[2025-09-27 08:34:22] Functions class initialized
[2025-09-27 08:34:23] Functions class initialized
[2025-09-27 16:06:33] Functions class initialized
[2025-09-27 16:23:12] Functions class initialized
[2025-09-27 18:13:32] Functions class initialized
[2025-09-27 18:14:12] Functions class initialized
[2025-09-27 20:44:03] Functions class initialized
[2025-09-27 20:44:58] Functions class initialized
[2025-09-28 01:26:12] Functions class initialized
[2025-09-28 01:26:20] Functions class initialized
[2025-09-28 02:22:21] Functions class initialized
[2025-09-28 02:22:22] Functions class initialized
[2025-09-28 04:11:13] Functions class initialized
[2025-09-28 04:11:23] Functions class initialized
[2025-09-28 04:11:25] Functions class initialized
[2025-09-28 14:40:26] Functions class initialized
[2025-09-28 14:40:26] Functions class initialized
[2025-09-28 14:40:55] Functions class initialized
[2025-09-28 14:40:55] Functions class initialized
[2025-09-28 14:40:56] Functions class initialized
[2025-09-28 14:40:56] Functions class initialized
[2025-09-28 14:40:59] Functions class initialized
[2025-09-28 14:41:21] Functions class initialized
[2025-09-28 14:41:21] Functions class initialized
[2025-09-28 14:41:21] Functions class initialized
[2025-09-28 14:41:21] Functions class initialized
[2025-09-28 14:41:24] Functions class initialized
[2025-09-28 14:48:26] Functions class initialized
[2025-09-28 15:02:58] Functions class initialized
[2025-09-28 15:14:28] Functions class initialized
[2025-09-28 15:18:28] Functions class initialized
[2025-09-28 15:54:34] Functions class initialized
[2025-09-29 13:52:03] Functions class initialized
[2025-09-29 14:21:00] Functions class initialized
[2025-09-29 14:21:03] Functions class initialized
[2025-09-29 14:21:10] Functions class initialized
[2025-09-29 14:21:10] registrarHistorial llamado - ticket_id: 65, usuario_id: 1006307394, item_id: , accion: soporte, admin_id: 
[2025-09-29 14:22:55] Functions class initialized
[2025-09-29 14:23:03] Functions class initialized
[2025-09-29 14:23:03] registrarHistorial llamado - ticket_id: 66, usuario_id: 1006307394, item_id: , accion: soporte, admin_id: 
[2025-09-29 15:46:06] Functions class initialized
[2025-09-29 15:46:12] Functions class initialized
[2025-09-29 15:46:12] registrarHistorial llamado - ticket_id: 67, usuario_id: 1006307394, item_id: , accion: soporte, admin_id: 
[2025-09-29 15:49:01] Functions class initialized
[2025-09-29 15:49:08] Functions class initialized
[2025-09-29 15:49:08] registrarHistorial llamado - ticket_id: 68, usuario_id: 1006307394, item_id: , accion: soporte, admin_id: 
[2025-09-29 16:15:25] Functions class initialized
[2025-09-29 16:16:15] Functions class initialized
[2025-09-29 16:27:29] Functions class initialized
[2025-09-29 16:27:29] registrarHistorial llamado - ticket_id: 69, usuario_id: 1006307394, item_id: , accion: soporte, admin_id: 
[2025-09-29 20:30:31] Functions class initialized
[2025-09-29 20:30:50] Functions class initialized
[2025-09-29 20:30:50] registrarHistorial llamado - ticket_id: 70, usuario_id: 1006307394, item_id: , accion: soporte, admin_id: 
[2025-09-29 21:39:24] Functions class initialized
[2025-09-29 21:44:50] Functions class initialized
[2025-09-30 09:56:42] Functions class initialized
[2025-09-30 09:56:50] Functions class initialized
[2025-09-30 13:23:03] Functions class initialized
[2025-09-30 13:36:41] Functions class initialized
[2025-09-30 13:36:42] Functions class initialized
[2025-09-30 18:52:06] Functions class initialized
[2025-09-30 18:53:10] Functions class initialized
[2025-09-30 21:23:57] Functions class initialized
[2025-09-30 21:51:06] Functions class initialized
[2025-09-30 23:38:37] Functions class initialized
[2025-10-01 13:58:05] Functions class initialized
[2025-10-01 13:58:08] Functions class initialized
[2025-10-01 13:58:20] Functions class initialized
[2025-10-01 13:58:20] registrarHistorial llamado - ticket_id: 72, usuario_id: 1006307394, item_id: 16, accion: solicitud, admin_id: 
[2025-10-01 14:24:16] Functions class initialized
[2025-10-01 14:54:31] Functions class initialized
[2025-10-01 15:03:59] Functions class initialized
[2025-10-01 20:18:02] Functions class initialized
[2025-10-01 23:31:53] Functions class initialized
[2025-10-02 15:13:13] Functions class initialized
[2025-10-02 18:11:29] Functions class initialized
[2025-10-03 06:43:14] Functions class initialized
[2025-10-03 14:58:05] Functions class initialized
[2025-10-03 18:21:12] Functions class initialized
[2025-10-03 18:57:10] Functions class initialized
[2025-10-03 20:46:06] Functions class initialized
[2025-10-03 20:56:20] Functions class initialized
[2025-10-04 10:05:26] Functions class initialized
[2025-10-04 12:42:57] Functions class initialized
[2025-10-04 15:24:24] Functions class initialized
[2025-10-04 21:36:23] Functions class initialized
[2025-10-05 16:44:39] Functions class initialized
[2025-10-05 16:50:18] Functions class initialized
[2025-10-06 08:12:44] Functions class initialized
[2025-10-06 08:48:36] Functions class initialized
[2025-10-06 12:38:08] Functions class initialized
[2025-10-06 16:04:05] Functions class initialized
[2025-10-06 17:54:35] Functions class initialized
[2025-10-06 18:21:37] Functions class initialized
[2025-10-06 18:25:50] Functions class initialized
[2025-10-06 19:17:18] Functions class initialized
[2025-10-06 21:40:34] Functions class initialized
[2025-10-06 22:27:55] Functions class initialized
[2025-10-06 23:14:57] Functions class initialized
[2025-10-07 00:28:13] Functions class initialized
[2025-10-07 00:39:39] Functions class initialized
[2025-10-07 05:55:58] Functions class initialized
[2025-10-07 13:13:40] Functions class initialized
[2025-10-07 14:09:58] Functions class initialized
[2025-10-07 14:27:20] Functions class initialized
[2025-10-07 14:30:03] Functions class initialized
[2025-10-07 14:32:55] Functions class initialized
[2025-10-07 14:32:59] Functions class initialized
[2025-10-07 15:36:38] Functions class initialized
[2025-10-07 16:16:13] Functions class initialized
[2025-10-07 16:28:34] Functions class initialized
[2025-10-07 17:30:57] Functions class initialized
[2025-10-07 17:31:02] Functions class initialized
[2025-10-07 17:31:06] Functions class initialized
[2025-10-07 17:31:38] Functions class initialized
[2025-10-07 17:31:53] Functions class initialized
[2025-10-07 20:19:55] Functions class initialized
[2025-10-07 20:23:36] Functions class initialized
[2025-10-07 22:37:54] Functions class initialized
[2025-10-08 01:34:55] Functions class initialized
[2025-10-08 03:03:20] Functions class initialized
[2025-10-08 06:50:50] Functions class initialized
[2025-10-08 09:09:52] Functions class initialized
[2025-10-08 11:57:59] Functions class initialized
[2025-10-08 15:54:59] Functions class initialized
[2025-10-08 15:56:15] Functions class initialized
[2025-10-08 15:57:50] Functions class initialized
[2025-10-08 15:57:59] Functions class initialized
[2025-10-08 16:00:18] Functions class initialized
[2025-10-08 16:00:56] Functions class initialized
[2025-10-08 16:01:53] Functions class initialized
[2025-10-08 16:02:01] Functions class initialized
[2025-10-08 16:02:08] Functions class initialized
[2025-10-08 16:02:11] Functions class initialized
[2025-10-08 16:02:30] Functions class initialized
[2025-10-08 16:02:48] Functions class initialized
[2025-10-08 16:06:44] Functions class initialized
[2025-10-08 16:06:47] Functions class initialized
[2025-10-08 16:06:52] Functions class initialized
[2025-10-08 16:06:52] registrarHistorial llamado - ticket_id: 77, usuario_id: 1006307394, item_id: , accion: soporte, admin_id: 
[2025-10-08 16:07:25] Functions class initialized
[2025-10-08 16:11:51] Functions class initialized
[2025-10-08 16:13:52] Functions class initialized
[2025-10-08 16:13:57] Functions class initialized
[2025-10-08 16:13:57] registrarHistorial llamado - ticket_id: 78, usuario_id: 1006307394, item_id: , accion: soporte, admin_id: 
[2025-10-09 12:56:29] Functions class initialized
[2025-10-09 14:07:16] Functions class initialized
[2025-10-09 14:09:13] Functions class initialized
[2025-10-09 14:14:48] Functions class initialized
[2025-10-09 14:18:57] Functions class initialized
[2025-10-09 14:55:57] Functions class initialized
[2025-10-09 15:01:56] Functions class initialized
[2025-10-09 15:01:59] Functions class initialized
[2025-10-09 15:02:23] Functions class initialized
[2025-10-09 15:02:23] guardarImagenTicket llamado
[2025-10-09 15:02:23] Imagen guardada exitosamente: /uploads/tickets/2025/10/ticket_1760022143_68e7ce7ff1023.jpg
[2025-10-09 15:02:23] registrarHistorial llamado - ticket_id: 82, usuario_id: 1006307394, item_id: , accion: soporte, admin_id: 
[2025-10-09 15:02:38] Functions class initialized
[2025-10-09 15:02:43] Functions class initialized
[2025-10-09 15:02:43] registrarHistorial llamado - ticket_id: 83, usuario_id: 1006307394, item_id: , accion: soporte, admin_id: 
[2025-10-09 15:06:26] Functions class initialized
[2025-10-09 17:42:44] Functions class initialized
[2025-10-10 00:35:14] Functions class initialized
[2025-10-10 00:35:14] Functions class initialized
[2025-10-10 14:11:26] Functions class initialized
[2025-10-10 14:50:48] Functions class initialized
[2025-10-10 14:50:48] Functions class initialized
[2025-10-10 16:50:58] Functions class initialized
[2025-10-10 17:31:12] Functions class initialized
[2025-10-11 05:32:29] Functions class initialized
[2025-10-11 05:32:31] Functions class initialized
[2025-10-11 16:55:09] Functions class initialized
[2025-10-11 21:05:21] Functions class initialized
[2025-10-14 11:00:46] Functions class initialized
[2025-10-14 11:00:47] Functions class initialized
[2025-10-14 14:00:39] Functions class initialized
[2025-10-14 15:03:35] Functions class initialized
[2025-10-14 16:37:52] Functions class initialized
[2025-10-14 20:19:28] Functions class initialized
[2025-10-15 08:08:02] Functions class initialized
[2025-10-16 18:59:27] Functions class initialized
[2025-10-16 20:45:24] Functions class initialized
[2025-10-16 20:56:27] Functions class initialized
[2025-10-16 22:35:20] Functions class initialized
[2025-10-17 00:03:20] Functions class initialized
[2025-10-17 00:15:06] Functions class initialized
[2025-10-17 04:11:54] Functions class initialized
[2025-10-17 04:11:56] Functions class initialized
[2025-10-17 08:16:57] Functions class initialized
[2025-10-17 13:17:02] Functions class initialized
[2025-10-17 13:39:47] Functions class initialized
[2025-10-18 00:12:12] Functions class initialized
[2025-10-18 03:25:17] Functions class initialized
[2025-10-18 13:42:43] Functions class initialized
[2025-10-18 14:05:33] Functions class initialized
[2025-10-18 15:14:05] Functions class initialized
[2025-10-19 03:15:42] Functions class initialized
[2025-10-19 07:09:40] Functions class initialized
[2025-10-19 21:17:44] Functions class initialized
[2025-10-20 00:23:33] Functions class initialized
[2025-10-20 08:08:30] Functions class initialized
[2025-10-20 12:31:06] Functions class initialized
[2025-10-21 15:28:27] Functions class initialized
[2025-10-21 17:03:03] Functions class initialized
[2025-10-22 14:06:27] Functions class initialized
[2025-10-22 15:28:26] Functions class initialized
[2025-10-22 15:35:48] Functions class initialized
[2025-10-22 15:53:30] Functions class initialized
[2025-10-23 00:05:51] Functions class initialized
[2025-10-23 00:06:43] Functions class initialized
[2025-10-23 11:38:27] Functions class initialized
[2025-10-23 13:44:10] Functions class initialized
[2025-10-23 22:22:23] Functions class initialized
[2025-10-23 23:47:11] Functions class initialized
[2025-10-23 23:47:51] Functions class initialized
[2025-10-24 05:19:31] Functions class initialized
[2025-10-24 13:38:46] Functions class initialized
[2025-10-24 14:54:59] Functions class initialized
[2025-10-24 17:47:41] Functions class initialized
[2025-10-24 18:01:42] Functions class initialized
[2025-10-24 18:04:18] Functions class initialized
[2025-10-24 21:00:57] Functions class initialized
[2025-10-24 21:05:55] Functions class initialized
[2025-10-24 21:05:58] Functions class initialized
[2025-10-24 21:09:00] Functions class initialized
[2025-10-24 21:09:02] Functions class initialized
[2025-10-24 21:29:59] Functions class initialized
[2025-10-24 21:35:31] Functions class initialized
[2025-10-24 21:35:33] Functions class initialized
[2025-10-24 21:38:53] Functions class initialized
[2025-10-24 21:39:14] Functions class initialized
[2025-10-24 21:39:17] Functions class initialized
[2025-10-25 09:59:03] Functions class initialized
[2025-10-25 09:59:04] Functions class initialized
[2025-10-25 18:37:24] Functions class initialized
[2025-10-26 13:15:16] Functions class initialized
[2025-10-26 14:38:30] Functions class initialized
[2025-10-27 12:54:20] Functions class initialized
[2025-10-27 13:28:44] Functions class initialized
[2025-10-27 14:39:47] Functions class initialized
[2025-10-28 02:13:36] Functions class initialized
[2025-10-28 02:14:02] Functions class initialized
[2025-10-28 13:56:37] Functions class initialized
[2025-10-28 13:56:38] Functions class initialized
[2025-10-28 21:13:59] Functions class initialized
[2025-10-28 21:15:27] Functions class initialized
[2025-10-28 21:15:36] Functions class initialized
[2025-10-28 21:15:44] Functions class initialized
[2025-10-28 21:15:45] Functions class initialized
[2025-10-28 21:36:07] Functions class initialized
[2025-10-28 21:36:07] Functions class initialized
[2025-10-28 21:36:07] Functions class initialized
[2025-10-28 21:36:07] Functions class initialized
[2025-10-28 23:18:11] Functions class initialized
[2025-10-29 02:21:57] Functions class initialized
[2025-10-29 14:02:20] Functions class initialized
[2025-10-29 15:45:43] Functions class initialized
[2025-10-29 22:31:21] Functions class initialized
[2025-10-29 22:55:20] Functions class initialized
[2025-10-30 05:55:14] Functions class initialized
[2025-10-30 21:04:56] Functions class initialized
[2025-10-31 06:42:45] Functions class initialized
[2025-10-31 10:32:04] Functions class initialized
[2025-11-01 02:33:39] Functions class initialized
[2025-11-01 04:41:25] Functions class initialized
[2025-11-02 05:53:05] Functions class initialized
[2025-11-02 21:54:48] Functions class initialized
[2025-11-03 18:59:08] Functions class initialized
[2025-11-04 00:39:46] Functions class initialized
[2025-11-04 00:39:53] Functions class initialized
[2025-11-04 01:18:49] Functions class initialized
[2025-11-05 01:15:42] Functions class initialized
[2025-11-05 07:32:21] Functions class initialized
[2025-11-06 08:56:29] Functions class initialized
[2025-11-08 14:08:07] Functions class initialized
[2025-11-08 14:08:07] Functions class initialized
[2025-11-10 08:24:44] Functions class initialized
[2025-11-10 14:31:28] Functions class initialized
[2025-11-10 14:31:33] Functions class initialized
[2025-11-11 07:04:41] Functions class initialized
[2025-11-11 07:04:49] Functions class initialized
[2025-11-11 14:14:10] Functions class initialized
[2025-11-11 19:52:12] Functions class initialized
[2025-11-12 00:55:19] Functions class initialized
[2025-11-12 01:21:17] Functions class initialized
[2025-11-12 01:21:20] Functions class initialized
[2025-11-12 01:25:27] Functions class initialized
[2025-11-12 01:25:33] Functions class initialized
[2025-11-13 09:06:04] Functions class initialized
[2025-11-13 19:59:54] Functions class initialized
[2025-11-14 00:09:20] Functions class initialized
[2025-11-14 13:39:15] Functions class initialized
[2025-11-14 15:49:56] Functions class initialized
[2025-11-14 15:50:00] Functions class initialized
[2025-11-14 15:51:21] Functions class initialized
[2025-11-14 15:51:21] guardarImagenTicket llamado
[2025-11-14 15:51:21] Imagen guardada exitosamente: /uploads/tickets/2025/11/ticket_1763135481_69174ff9c0a3a.jpg
[2025-11-14 15:51:21] registrarHistorial llamado - ticket_id: 106, usuario_id: 1006307394, item_id: , accion: soporte, admin_id: 
[2025-11-14 19:35:36] Functions class initialized
[2025-11-14 22:33:09] Functions class initialized
[2025-11-14 22:33:10] Functions class initialized
[2025-11-14 22:33:17] Functions class initialized
[2025-11-14 22:33:57] Functions class initialized
[2025-11-15 02:21:45] Functions class initialized
[2025-11-16 03:08:00] Functions class initialized
[2025-11-16 05:12:32] Functions class initialized
[2025-11-16 13:29:10] Functions class initialized
[2025-11-16 13:29:10] Functions class initialized
[2025-11-16 20:59:36] Functions class initialized
[2025-11-17 05:21:11] Functions class initialized
[2025-11-17 05:26:47] Functions class initialized
[2025-11-17 21:25:49] Functions class initialized
[2025-11-18 13:52:11] Functions class initialized
[2025-11-18 17:19:39] Functions class initialized
[2025-11-19 01:56:48] Functions class initialized
[2025-11-19 14:55:54] Functions class initialized
[2025-11-19 15:01:05] Functions class initialized
[2025-11-19 16:47:06] Functions class initialized
[2025-11-19 16:54:51] Functions class initialized
[2025-11-19 18:53:26] Functions class initialized
[2025-11-19 20:23:20] Functions class initialized
[2025-11-20 16:27:21] Functions class initialized
[2025-11-20 22:37:19] Functions class initialized
[2025-11-21 13:11:12] Functions class initialized
[2025-11-21 14:37:33] Functions class initialized
[2025-11-22 00:16:11] Functions class initialized
[2025-11-22 11:39:17] Functions class initialized
[2025-11-22 11:39:19] Functions class initialized
[2025-11-22 19:21:26] Functions class initialized
[2025-11-24 02:52:22] Functions class initialized
[2025-11-24 19:07:52] Functions class initialized
[2025-11-25 00:13:40] Functions class initialized
[2025-11-25 01:22:37] Functions class initialized
[2025-11-25 08:38:28] Functions class initialized
[2025-11-25 08:38:29] Functions class initialized
[2025-11-25 11:32:25] Functions class initialized
[2025-11-25 13:56:16] Functions class initialized
[2025-11-25 13:59:20] Functions class initialized
[2025-11-25 20:30:15] Functions class initialized
[2025-11-25 20:30:15] Functions class initialized
[2025-11-26 04:30:47] Functions class initialized
[2025-11-26 04:45:43] Functions class initialized
[2025-11-26 15:06:28] Functions class initialized
[2025-11-27 14:42:46] Functions class initialized
[2025-11-28 03:32:02] Functions class initialized
[2025-11-28 08:15:00] Functions class initialized
[2025-11-28 11:12:39] Functions class initialized
[2025-11-28 19:00:45] Functions class initialized
[2025-11-28 19:39:43] Functions class initialized
[2025-11-28 19:39:47] Functions class initialized
[2025-11-28 21:27:50] Functions class initialized
[2025-11-30 06:27:57] Functions class initialized
[2025-11-30 14:20:33] Functions class initialized
[2025-11-30 14:52:07] Functions class initialized
[2025-12-01 01:27:53] Functions class initialized
[2025-12-01 01:27:53] Functions class initialized
[2025-12-01 01:28:10] Functions class initialized
[2025-12-01 01:28:10] Functions class initialized
[2025-12-01 12:34:09] Functions class initialized
[2025-12-02 16:27:57] Functions class initialized
[2025-12-02 17:44:35] Functions class initialized
[2025-12-03 02:27:59] Functions class initialized
[2025-12-03 14:43:15] Functions class initialized
[2025-12-04 05:34:41] Functions class initialized
[2025-12-04 05:40:09] Functions class initialized
[2025-12-04 11:03:52] Functions class initialized
[2025-12-04 21:25:47] Functions class initialized
[2025-12-04 22:23:27] Functions class initialized
[2025-12-04 22:27:01] Functions class initialized
[2025-12-05 01:41:12] Functions class initialized
[2025-12-05 14:01:01] Functions class initialized
[2025-12-05 21:11:46] Functions class initialized
[2025-12-06 08:34:51] Functions class initialized
[2025-12-06 10:05:46] Functions class initialized
[2025-12-06 10:06:01] Functions class initialized
[2025-12-06 16:36:15] Functions class initialized
[2025-12-06 16:36:18] Functions class initialized
[2025-12-07 05:29:59] Functions class initialized
[2025-12-07 08:11:20] Functions class initialized
[2025-12-07 08:37:47] Functions class initialized
[2025-12-07 09:55:32] Functions class initialized
[2025-12-07 19:14:18] Functions class initialized
[2025-12-07 20:05:42] Functions class initialized
[2025-12-07 22:22:16] Functions class initialized
[2025-12-07 22:22:35] Functions class initialized
[2025-12-08 14:52:54] Functions class initialized
[2025-12-08 22:11:39] Functions class initialized
[2025-12-09 05:15:05] Functions class initialized
[2025-12-09 05:15:06] Functions class initialized
[2025-12-09 08:48:39] Functions class initialized
[2025-12-10 09:46:38] Functions class initialized
[2025-12-10 20:48:45] Functions class initialized
[2025-12-10 20:52:17] Functions class initialized
[2025-12-11 12:45:40] Functions class initialized
[2025-12-11 21:54:53] Functions class initialized
[2025-12-13 11:42:47] Functions class initialized
[2025-12-14 13:58:45] Functions class initialized
[2025-12-14 13:58:47] Functions class initialized
[2025-12-14 17:03:14] Functions class initialized
[2025-12-15 15:56:36] Functions class initialized
[2025-12-15 15:57:34] Functions class initialized
[2025-12-16 06:03:37] Functions class initialized
[2025-12-16 06:03:42] Functions class initialized
[2025-12-16 16:33:28] Functions class initialized
[2025-12-17 08:10:43] Functions class initialized
[2025-12-17 08:10:49] Functions class initialized
[2025-12-17 08:47:20] Functions class initialized
[2025-12-17 17:51:05] Functions class initialized
[2025-12-17 17:51:05] Functions class initialized
[2025-12-17 21:42:24] Functions class initialized
[2025-12-18 18:50:05] Functions class initialized
[2025-12-18 18:50:05] Functions class initialized
[2025-12-18 18:50:05] Functions class initialized
[2025-12-18 18:50:07] Functions class initialized
[2025-12-19 07:20:16] Functions class initialized
[2025-12-19 09:48:51] Functions class initialized
[2025-12-19 10:02:17] Functions class initialized
[2025-12-19 10:02:17] Functions class initialized
[2025-12-19 10:02:18] Functions class initialized
[2025-12-19 10:02:19] Functions class initialized
[2025-12-19 10:47:59] Functions class initialized
[2025-12-19 10:48:00] Functions class initialized
[2025-12-19 10:48:00] Functions class initialized
[2025-12-19 10:48:01] Functions class initialized
[2025-12-20 03:32:53] Functions class initialized
[2025-12-20 03:32:53] Functions class initialized
[2025-12-20 03:32:54] Functions class initialized
[2025-12-20 03:34:09] Functions class initialized
[2025-12-20 03:34:09] Functions class initialized
[2025-12-20 03:34:09] Functions class initialized
[2025-12-20 03:34:10] Functions class initialized
[2025-12-20 03:34:10] Functions class initialized
[2025-12-20 04:04:54] Functions class initialized
[2025-12-20 04:32:49] Functions class initialized
[2025-12-20 04:32:49] Functions class initialized
[2025-12-20 05:04:12] Functions class initialized
[2025-12-20 05:05:41] Functions class initialized
[2025-12-20 05:07:56] Functions class initialized
[2025-12-20 05:07:56] Functions class initialized
[2025-12-20 05:07:56] Functions class initialized
[2025-12-20 05:08:00] Functions class initialized
[2025-12-20 05:08:00] Functions class initialized
[2025-12-20 05:08:00] Functions class initialized
[2025-12-20 05:08:58] Functions class initialized
[2025-12-20 05:15:35] Functions class initialized
[2025-12-20 06:22:07] Functions class initialized
[2025-12-20 06:22:07] Functions class initialized
[2025-12-20 06:22:07] Functions class initialized
[2025-12-20 06:22:07] Functions class initialized
[2025-12-20 06:22:07] Functions class initialized
[2025-12-20 06:22:07] Functions class initialized
[2025-12-20 12:06:23] Functions class initialized
[2025-12-20 12:06:23] Functions class initialized
[2025-12-20 12:06:24] Functions class initialized
[2025-12-20 12:07:03] Functions class initialized
[2025-12-20 15:04:25] Functions class initialized
[2025-12-20 15:15:04] Functions class initialized
[2025-12-20 15:55:25] Functions class initialized
[2025-12-20 15:55:26] Functions class initialized
[2025-12-20 16:04:22] Functions class initialized
[2025-12-20 16:04:23] Functions class initialized
[2025-12-20 16:04:24] Functions class initialized
[2025-12-20 16:04:52] Functions class initialized
[2025-12-21 03:57:53] Functions class initialized
[2025-12-21 03:57:54] Functions class initialized
[2025-12-21 04:23:40] Functions class initialized
[2025-12-21 07:46:18] Functions class initialized
[2025-12-21 08:11:04] Functions class initialized
[2025-12-21 08:31:11] Functions class initialized
[2025-12-21 09:18:27] Functions class initialized
[2025-12-21 09:18:38] Functions class initialized
[2025-12-21 11:35:27] Functions class initialized
[2025-12-21 17:29:16] Functions class initialized
[2025-12-21 20:35:44] Functions class initialized
[2025-12-21 20:37:14] Functions class initialized
[2025-12-21 21:52:28] Functions class initialized
[2025-12-22 00:04:26] Functions class initialized
[2025-12-22 02:11:09] Functions class initialized
[2025-12-22 06:16:05] Functions class initialized
[2025-12-22 06:16:08] Functions class initialized
[2025-12-22 11:02:59] Functions class initialized
[2025-12-22 11:37:21] Functions class initialized
[2025-12-22 14:42:43] Functions class initialized
[2025-12-22 15:21:01] Functions class initialized
[2025-12-22 15:21:02] Functions class initialized
[2025-12-22 16:53:34] Functions class initialized
[2025-12-22 20:58:31] Functions class initialized
[2025-12-22 20:58:36] Functions class initialized
[2025-12-23 12:49:10] Functions class initialized
[2025-12-23 15:51:22] Functions class initialized
[2025-12-23 15:51:25] Functions class initialized
[2025-12-23 16:16:43] Functions class initialized
[2025-12-23 20:47:43] Functions class initialized
[2025-12-24 14:11:42] Functions class initialized
[2025-12-24 14:11:46] Functions class initialized
[2025-12-25 18:07:29] Functions class initialized
[2025-12-25 19:25:30] Functions class initialized
[2025-12-25 21:44:20] Functions class initialized
[2025-12-25 21:44:21] Functions class initialized
[2025-12-26 18:17:34] Functions class initialized
[2025-12-26 18:25:21] Functions class initialized
[2025-12-26 19:56:29] Functions class initialized
[2025-12-26 22:31:58] Functions class initialized
[2025-12-27 05:17:23] Functions class initialized
[2025-12-27 07:04:57] Functions class initialized
[2025-12-27 07:05:31] Functions class initialized
[2025-12-27 07:51:20] Functions class initialized
[2025-12-28 09:04:37] Functions class initialized
[2025-12-28 09:04:37] Functions class initialized
[2025-12-28 18:02:07] Functions class initialized
[2025-12-28 18:06:34] Functions class initialized
[2025-12-28 21:07:02] Functions class initialized
[2025-12-28 21:07:02] Functions class initialized
[2025-12-28 21:35:03] Functions class initialized
[2025-12-29 00:43:14] Functions class initialized
[2025-12-29 11:17:52] Functions class initialized
[2025-12-29 11:17:54] Functions class initialized
[2025-12-29 11:19:16] Functions class initialized
[2025-12-29 12:05:02] Functions class initialized
[2025-12-29 12:05:11] Functions class initialized
[2025-12-29 20:28:40] Functions class initialized
[2025-12-30 09:49:48] Functions class initialized
[2025-12-30 12:30:35] Functions class initialized
[2025-12-30 13:47:55] Functions class initialized
[2025-12-31 00:12:37] Functions class initialized
[2025-12-31 05:07:32] Functions class initialized
[2026-01-01 02:42:03] Functions class initialized
[2026-01-01 03:15:02] Functions class initialized
[2026-01-01 07:40:06] Functions class initialized
[2026-01-01 11:11:04] Functions class initialized
[2026-01-01 12:49:37] Functions class initialized
[2026-01-01 18:57:17] Functions class initialized
[2026-01-02 00:13:20] Functions class initialized
[2026-01-02 00:45:18] Functions class initialized
[2026-01-02 12:45:51] Functions class initialized
[2026-01-02 15:01:51] Functions class initialized
[2026-01-02 20:20:00] Functions class initialized
[2026-01-02 20:29:07] Functions class initialized
[2026-01-02 23:15:56] Functions class initialized
[2026-01-03 00:32:14] Functions class initialized
[2026-01-03 13:46:39] Functions class initialized
[2026-01-03 14:14:07] Functions class initialized
[2026-01-03 16:15:42] Functions class initialized
[2026-01-03 18:58:55] Functions class initialized
[2026-01-03 19:24:21] Functions class initialized
[2026-01-03 22:25:54] Functions class initialized
[2026-01-03 22:25:54] Functions class initialized
[2026-01-04 03:44:21] Functions class initialized
[2026-01-04 03:44:21] Functions class initialized
[2026-01-04 03:45:46] Functions class initialized
[2026-01-04 08:39:16] Functions class initialized
[2026-01-04 12:36:19] Functions class initialized
[2026-01-04 14:03:41] Functions class initialized
[2026-01-04 15:53:19] Functions class initialized
[2026-01-04 16:39:34] Functions class initialized
[2026-01-04 18:25:56] Functions class initialized
[2026-01-04 18:56:35] Functions class initialized
[2026-01-05 05:55:23] Functions class initialized
[2026-01-05 19:59:40] Functions class initialized
[2026-01-05 20:02:19] Functions class initialized
[2026-01-05 20:02:43] Functions class initialized
[2026-01-05 20:03:05] Functions class initialized
[2026-01-05 20:03:05] registrarHistorial llamado - ticket_id: 386, usuario_id: 1151963002, item_id: , accion: soporte, admin_id: 
[2026-01-06 00:23:13] Functions class initialized
[2026-01-06 04:24:39] Functions class initialized
[2026-01-06 07:57:55] Functions class initialized
[2026-01-06 10:05:51] Functions class initialized
[2026-01-06 10:06:00] Functions class initialized
[2026-01-06 11:55:37] Functions class initialized
[2026-01-06 21:53:38] Functions class initialized
[2026-01-07 03:37:22] Functions class initialized
[2026-01-07 05:06:41] Functions class initialized
[2026-01-07 23:30:23] Functions class initialized
[2026-01-08 06:05:23] Functions class initialized
[2026-01-08 06:41:21] Functions class initialized
[2026-01-08 15:32:08] Functions class initialized
[2026-01-08 16:20:38] Functions class initialized
[2026-01-09 08:11:15] Functions class initialized
[2026-01-09 09:14:19] Functions class initialized
[2026-01-09 10:42:11] Functions class initialized
[2026-01-09 13:22:19] Functions class initialized
[2026-01-09 14:50:25] Functions class initialized
[2026-01-09 16:33:42] Functions class initialized
[2026-01-09 20:31:52] Functions class initialized
[2026-01-09 22:03:03] Functions class initialized
[2026-01-09 22:04:16] Functions class initialized
[2026-01-09 22:46:27] Functions class initialized
[2026-01-09 22:46:36] Functions class initialized
[2026-01-10 06:42:41] Functions class initialized
[2026-01-10 06:58:49] Functions class initialized
[2026-01-10 08:10:28] Functions class initialized
[2026-01-10 15:14:13] Functions class initialized
[2026-01-10 16:14:19] Functions class initialized
[2026-01-10 16:15:18] Functions class initialized
[2026-01-10 17:55:56] Functions class initialized
[2026-01-10 18:29:57] Functions class initialized
[2026-01-10 18:38:33] Functions class initialized
[2026-01-11 11:43:56] Functions class initialized
[2026-01-11 17:11:25] Functions class initialized
[2026-01-11 19:01:51] Functions class initialized
[2026-01-11 19:05:25] Functions class initialized
[2026-01-12 04:18:55] Functions class initialized
[2026-01-12 04:18:57] Functions class initialized
[2026-01-12 09:15:37] Functions class initialized
[2026-01-12 09:15:40] Functions class initialized
[2026-01-12 11:24:55] Functions class initialized
[2026-01-12 11:24:58] Functions class initialized
[2026-01-12 13:31:53] Functions class initialized
[2026-01-12 18:04:45] Functions class initialized
[2026-01-12 20:06:32] Functions class initialized
[2026-01-13 02:04:26] Functions class initialized
[2026-01-13 14:35:26] Functions class initialized
[2026-01-13 14:38:02] Functions class initialized
[2026-01-13 14:46:52] Functions class initialized
[2026-01-13 20:52:14] Functions class initialized
[2026-01-13 21:34:51] Functions class initialized
[2026-01-14 15:33:40] Functions class initialized
[2026-01-14 19:45:47] Functions class initialized
[2026-01-14 19:46:02] Functions class initialized
[2026-01-14 19:46:39] Functions class initialized
[2026-01-14 19:46:39] registrarHistorial llamado - ticket_id: 428, usuario_id: 1107105438, item_id: , accion: soporte, admin_id: 
[2026-01-15 09:20:58] Functions class initialized
[2026-01-15 11:59:15] Functions class initialized
[2026-01-15 12:23:11] Functions class initialized
[2026-01-15 14:48:42] Functions class initialized
[2026-01-15 15:27:25] Functions class initialized
[2026-01-15 15:35:36] Functions class initialized
[2026-01-15 16:27:14] Functions class initialized
[2026-01-15 19:21:12] Functions class initialized
[2026-01-15 19:21:13] Functions class initialized
[2026-01-15 19:22:34] Functions class initialized
[2026-01-15 19:24:51] Functions class initialized
[2026-01-16 10:02:35] Functions class initialized
[2026-01-16 14:37:30] Functions class initialized
[2026-01-16 14:48:02] Functions class initialized
[2026-01-16 15:46:55] Functions class initialized
[2026-01-16 15:57:10] Functions class initialized
[2026-01-16 15:57:34] Functions class initialized
[2026-01-17 03:51:45] Functions class initialized
[2026-01-17 03:51:53] Functions class initialized
[2026-01-17 12:44:51] Functions class initialized
[2026-01-17 12:48:40] Functions class initialized
[2026-01-17 19:18:34] Functions class initialized
[2026-01-17 23:03:24] Functions class initialized
[2026-01-18 01:06:13] Functions class initialized
[2026-01-18 06:20:36] Functions class initialized
[2026-01-18 06:20:36] Functions class initialized
[2026-01-18 23:15:02] Functions class initialized
[2026-01-18 23:15:28] Functions class initialized
[2026-01-19 05:44:09] Functions class initialized
[2026-01-19 06:00:46] Functions class initialized
[2026-01-19 10:32:51] Functions class initialized
[2026-01-19 14:18:48] Functions class initialized
[2026-01-19 14:29:19] Functions class initialized
[2026-01-19 16:04:56] Functions class initialized
[2026-01-19 16:13:21] Functions class initialized
[2026-01-19 19:42:04] Functions class initialized
[2026-01-19 21:11:04] Functions class initialized
[2026-01-19 21:11:04] Functions class initialized
[2026-01-19 21:47:47] Functions class initialized
[2026-01-19 21:47:48] Functions class initialized
[2026-01-20 03:23:06] Functions class initialized
[2026-01-20 05:40:31] Functions class initialized
[2026-01-20 09:18:38] Functions class initialized
[2026-01-20 12:14:05] Functions class initialized
[2026-01-20 14:35:10] Functions class initialized
[2026-01-20 14:35:18] Functions class initialized
[2026-01-20 14:39:21] Functions class initialized
[2026-01-20 15:41:57] Functions class initialized
[2026-01-20 18:22:53] Functions class initialized
